生成启动时间为 2019/6/27 8:48:16。
     1>项目“D:\Learn\3Week\C\5\Demo\Test\5-11\5-11\5-11.vcxproj”在节点 2 上(Build 个目标)。
     1>ClCompile:
         C:\Program Files (x86)\Microsoft Visual Studio 12.0\VC\bin\CL.exe /c /ZI /nologo /W3 /WX- /sdl /Od /Oy- /D _MBCS /Gm /EHsc /RTC1 /MDd /GS /fp:precise /Zc:wchar_t /Zc:forScope /Fo"Debug\\" /Fd"Debug\vc120.pdb" /Gd /TC /analyze- /errorReport:prompt main.c
         main.c
       Link:
         C:\Program Files (x86)\Microsoft Visual Studio 12.0\VC\bin\link.exe /ERRORREPORT:PROMPT /OUT:"D:\Learn\3Week\C\5\Demo\Test\5-11\Debug\5-11.exe" /INCREMENTAL /NOLOGO kernel32.lib user32.lib gdi32.lib winspool.lib comdlg32.lib advapi32.lib shell32.lib ole32.lib oleaut32.lib uuid.lib odbc32.lib odbccp32.lib /MANIFEST /MANIFESTUAC:"level='asInvoker' uiAccess='false'" /manifest:embed /DEBUG /PDB:"D:\Learn\3Week\C\5\Demo\Test\5-11\Debug\5-11.pdb" /TLBID:1 /DYNAMICBASE /NXCOMPAT /IMPLIB:"D:\Learn\3Week\C\5\Demo\Test\5-11\Debug\5-11.lib" /MACHINE:X86 Debug\main.obj
     1>main.obj : error LNK2019: 无法解析的外部符号 _getline_line，该符号在函数 _main 中被引用
     1>D:\Learn\3Week\C\5\Demo\Test\5-11\Debug\5-11.exe : fatal error LNK1120: 1 个无法解析的外部命令
     1>已完成生成项目“D:\Learn\3Week\C\5\Demo\Test\5-11\5-11\5-11.vcxproj”(Build 个目标)的操作 - 失败。

生成失败。

已用时间 00:00:00.43
