生成启动时间为 2019/8/27 6:09:24。
     1>项目“F:\Learn\7Week\Windows核心编程\4\Code\GetModuleHandleEx\GetModuleHandleEx\GetModuleHandleEx.vcxproj”在节点 2 上(Build 个目标)。
     1>ClCompile:
         C:\Program Files (x86)\Microsoft Visual Studio 12.0\VC\bin\CL.exe /c /ZI /nologo /W3 /WX- /sdl /Od /Oy- /D _MBCS /Gm /EHsc /RTC1 /MDd /GS /fp:precise /Zc:wchar_t /Zc:forScope /Fo"Debug\\" /Fd"Debug\vc120.pdb" /Gd /TC /analyze- /errorReport:prompt main.c
         main.c
     1>f:\learn\7week\windows核心编程\4\code\getmodulehandleex\getmodulehandleex\main.c(4): error C2059: 语法错误:“字符串”
     1>f:\learn\7week\windows核心编程\4\code\getmodulehandleex\getmodulehandleex\main.c(11): warning C4013: “printf”未定义；假设外部返回 int
     1>f:\learn\7week\windows核心编程\4\code\getmodulehandleex\getmodulehandleex\main.c(15): error C2065: “__ImageBase”: 未声明的标识符
     1>已完成生成项目“F:\Learn\7Week\Windows核心编程\4\Code\GetModuleHandleEx\GetModuleHandleEx\GetModuleHandleEx.vcxproj”(Build 个目标)的操作 - 失败。

生成失败。

已用时间 00:00:00.33
